<?xml version="1.0" encoding="UTF-8"?><testrun name="TestRunner" project="Automation" tests="1" started="1" failures="0" errors="1" ignored="0">
  <testsuite name="cucumberOptions.TestRunner" time="0.859">
    <testsuite name="Application Login" time="0.859">
      <testcase name="Login" classname="Application Login" time="0.859">
        <error>java.lang.NullPointerException: Cannot invoke "org.openqa.selenium.WebDriver.close()" because "stepDefinitions.hooks.driver" is null&#13;
	at stepDefinitions.hooks.afterValidation(hooks.java:16)&#13;
&#13;
</error>
      </testcase>
    </testsuite>
  </testsuite>
</testrun>
